Mounted at /content/drive
[[983, 388, 1024, 432, 40], [386, 494, 442, 552, 38], [973, 335, 1031, 390, 13]]
506
True
1
Downloading: "https://download.pytorch.org/models/resnet50-19c8e357.pth" to ./hub/checkpoints/resnet50-19c8e357.pth
100%
97.8M/97.8M [00:12<00:00, 8.35MB/s]

Epoch: [0]  [  0/203]  eta: 0:07:38  lr: 0.000003  loss: 4.5547 (4.5547)  loss_classifier: 3.8118 (3.8118)  loss_box_reg: 0.0454 (0.0454)  loss_objectness: 0.6913 (0.6913)  loss_rpn_box_reg: 0.0061 (0.0061)  time: 2.2563  data: 1.1712  max mem: 2582
Epoch: [0]  [ 50/203]  eta: 0:04:50  lr: 0.000127  loss: 3.6610 (4.0451)  loss_classifier: 2.9350 (3.3240)  loss_box_reg: 0.0240 (0.0219)  loss_objectness: 0.6772 (0.6838)  loss_rpn_box_reg: 0.0103 (0.0154)  time: 1.9041  data: 1.3126  max mem: 2847
Epoch: [0]  [100/203]  eta: 0:03:22  lr: 0.000250  loss: 0.3562 (2.3211)  loss_classifier: 0.1795 (1.7974)  loss_box_reg: 0.0350 (0.0249)  loss_objectness: 0.1187 (0.4771)  loss_rpn_box_reg: 0.0132 (0.0217)  time: 2.1432  data: 1.5234  max mem: 2847
Epoch: [0]  [150/203]  eta: 0:01:44  lr: 0.000374  loss: 0.3792 (1.6865)  loss_classifier: 0.2133 (1.2733)  loss_box_reg: 0.1123 (0.0523)  loss_objectness: 0.0512 (0.3424)  loss_rpn_box_reg: 0.0068 (0.0186)  time: 1.9579  data: 1.3214  max mem: 2847
Epoch: [0]  [200/203]  eta: 0:00:05  lr: 0.000498  loss: 0.4255 (1.3767)  loss_classifier: 0.2547 (1.0179)  loss_box_reg: 0.1331 (0.0730)  loss_objectness: 0.0376 (0.2689)  loss_rpn_box_reg: 0.0083 (0.0168)  time: 2.0517  data: 1.4148  max mem: 2847
Epoch: [0]  [202/203]  eta: 0:00:01  lr: 0.000500  loss: 0.4255 (1.3675)  loss_classifier: 0.2635 (1.0105)  loss_box_reg: 0.1352 (0.0738)  loss_objectness: 0.0376 (0.2665)  loss_rpn_box_reg: 0.0083 (0.0167)  time: 2.0430  data: 1.4061  max mem: 2847
Epoch: [0] Total time: 0:06:42 (1.9828 s / it)
creating index...
index created!
Test:  [ 0/50]  eta: 0:00:19  model_time: 0.3435 (0.3435)  evaluator_time: 0.0059 (0.0059)  time: 0.3917  data: 0.0363  max mem: 2847
Test:  [49/50]  eta: 0:00:00  model_time: 0.2697 (0.2683)  evaluator_time: 0.0015 (0.0015)  time: 0.3142  data: 0.0373  max mem: 2847
Test: Total time: 0:00:15 (0.3130 s / it)
Averaged stats: model_time: 0.2697 (0.2683)  evaluator_time: 0.0015 (0.0015)
Accumulating evaluation results...
DONE (t=0.09s).
IoU metric: bbox
 Average Precision  (AP) @[ IoU=0.50:0.95 | area=   all | maxDets=100 ] = 0.000
 Average Precision  (AP) @[ IoU=0.50      | area=   all | maxDets=100 ] = 0.000
 Average Precision  (AP) @[ IoU=0.75      | area=   all | maxDets=100 ] = 0.000
 Average Precision  (AP) @[ IoU=0.50:0.95 | area= small | maxDets=100 ] = 0.000
 Average Precision  (AP) @[ IoU=0.50:0.95 | area=medium | maxDets=100 ] = 0.000
 Average Precision  (AP) @[ IoU=0.50:0.95 | area= large | maxDets=100 ] = 0.000
 Average Recall     (AR) @[ IoU=0.50:0.95 | area=   all | maxDets=  1 ] = 0.000
 Average Recall     (AR) @[ IoU=0.50:0.95 | area=   all | maxDets= 10 ] = 0.000
 Average Recall     (AR) @[ IoU=0.50:0.95 | area=   all | maxDets=100 ] = 0.000
 Average Recall     (AR) @[ IoU=0.50:0.95 | area= small | maxDets=100 ] = 0.000
 Average Recall     (AR) @[ IoU=0.50:0.95 | area=medium | maxDets=100 ] = 0.000
 Average Recall     (AR) @[ IoU=0.50:0.95 | area= large | maxDets=100 ] = 0.000

==================================================



Epoch: [1]  [  0/203]  eta: 0:02:18  lr: 0.000500  loss: 0.5237 (0.5237)  loss_classifier: 0.3049 (0.3049)  loss_box_reg: 0.1857 (0.1857)  loss_objectness: 0.0284 (0.0284)  loss_rpn_box_reg: 0.0046 (0.0046)  time: 0.6809  data: 0.0529  max mem: 2847
Epoch: [1]  [ 50/203]  eta: 0:01:56  lr: 0.000500  loss: 0.4680 (0.4451)  loss_classifier: 0.2723 (0.2474)  loss_box_reg: 0.1635 (0.1421)  loss_objectness: 0.0310 (0.0432)  loss_rpn_box_reg: 0.0087 (0.0124)  time: 0.7669  data: 0.1239  max mem: 2847
Epoch: [1]  [100/203]  eta: 0:01:17  lr: 0.000500  loss: 0.4742 (0.4419)  loss_classifier: 0.2465 (0.2438)  loss_box_reg: 0.1571 (0.1419)  loss_objectness: 0.0313 (0.0436)  loss_rpn_box_reg: 0.0123 (0.0126)  time: 0.7290  data: 0.1021  max mem: 2847
Epoch: [1]  [150/203]  eta: 0:00:39  lr: 0.000500  loss: 0.4044 (0.4395)  loss_classifier: 0.2218 (0.2436)  loss_box_reg: 0.1285 (0.1443)  loss_objectness: 0.0199 (0.0398)  loss_rpn_box_reg: 0.0059 (0.0118)  time: 0.7518  data: 0.1146  max mem: 2847
Epoch: [1]  [200/203]  eta: 0:00:02  lr: 0.000500  loss: 0.3739 (0.4264)  loss_classifier: 0.2090 (0.2377)  loss_box_reg: 0.1243 (0.1420)  loss_objectness: 0.0150 (0.0355)  loss_rpn_box_reg: 0.0067 (0.0112)  time: 0.7723  data: 0.1414  max mem: 2847
Epoch: [1]  [202/203]  eta: 0:00:00  lr: 0.000500  loss: 0.3555 (0.4255)  loss_classifier: 0.2071 (0.2374)  loss_box_reg: 0.1224 (0.1418)  loss_objectness: 0.0149 (0.0353)  loss_rpn_box_reg: 0.0067 (0.0111)  time: 0.7685  data: 0.1380  max mem: 2847
Epoch: [1] Total time: 0:02:32 (0.7512 s / it)
creating index...
index created!
Test:  [ 0/50]  eta: 0:00:18  model_time: 0.3185 (0.3185)  evaluator_time: 0.0022 (0.0022)  time: 0.3653  data: 0.0388  max mem: 2847
Test:  [49/50]  eta: 0:00:00  model_time: 0.2697 (0.2682)  evaluator_time: 0.0020 (0.0020)  time: 0.3136  data: 0.0363  max mem: 2847
Test: Total time: 0:00:15 (0.3126 s / it)
Averaged stats: model_time: 0.2697 (0.2682)  evaluator_time: 0.0020 (0.0020)
Accumulating evaluation results...
DONE (t=0.10s).
IoU metric: bbox
 Average Precision  (AP) @[ IoU=0.50:0.95 | area=   all | maxDets=100 ] = 0.001
 Average Precision  (AP) @[ IoU=0.50      | area=   all | maxDets=100 ] = 0.004
 Average Precision  (AP) @[ IoU=0.75      | area=   all | maxDets=100 ] = 0.000
 Average Precision  (AP) @[ IoU=0.50:0.95 | area= small | maxDets=100 ] = 0.000
 Average Precision  (AP) @[ IoU=0.50:0.95 | area=medium | maxDets=100 ] = 0.002
 Average Precision  (AP) @[ IoU=0.50:0.95 | area= large | maxDets=100 ] = 0.000
 Average Recall     (AR) @[ IoU=0.50:0.95 | area=   all | maxDets=  1 ] = 0.003
 Average Recall     (AR) @[ IoU=0.50:0.95 | area=   all | maxDets= 10 ] = 0.008
 Average Recall     (AR) @[ IoU=0.50:0.95 | area=   all | maxDets=100 ] = 0.008
 Average Recall     (AR) @[ IoU=0.50:0.95 | area= small | maxDets=100 ] = 0.004
 Average Recall     (AR) @[ IoU=0.50:0.95 | area=medium | maxDets=100 ] = 0.011
 Average Recall     (AR) @[ IoU=0.50:0.95 | area= large | maxDets=100 ] = 0.000

==================================================



Epoch: [2]  [  0/203]  eta: 0:02:39  lr: 0.000250  loss: 0.3397 (0.3397)  loss_classifier: 0.2043 (0.2043)  loss_box_reg: 0.1217 (0.1217)  loss_objectness: 0.0103 (0.0103)  loss_rpn_box_reg: 0.0034 (0.0034)  time: 0.7873  data: 0.1651  max mem: 2847
Epoch: [2]  [ 50/203]  eta: 0:01:55  lr: 0.000250  loss: 0.3453 (0.3644)  loss_classifier: 0.1964 (0.2023)  loss_box_reg: 0.1176 (0.1272)  loss_objectness: 0.0142 (0.0258)  loss_rpn_box_reg: 0.0055 (0.0091)  time: 0.7494  data: 0.1067  max mem: 2847
Epoch: [2]  [100/203]  eta: 0:01:16  lr: 0.000250  loss: 0.3804 (0.3594)  loss_classifier: 0.1786 (0.1988)  loss_box_reg: 0.1249 (0.1260)  loss_objectness: 0.0179 (0.0250)  loss_rpn_box_reg: 0.0085 (0.0096)  time: 0.7333  data: 0.1029  max mem: 2847
Epoch: [2]  [150/203]  eta: 0:00:39  lr: 0.000250  loss: 0.2833 (0.3578)  loss_classifier: 0.1483 (0.1978)  loss_box_reg: 0.1080 (0.1272)  loss_objectness: 0.0117 (0.0235)  loss_rpn_box_reg: 0.0049 (0.0093)  time: 0.7376  data: 0.1024  max mem: 2847
Epoch: [2]  [200/203]  eta: 0:00:02  lr: 0.000250  loss: 0.3348 (0.3531)  loss_classifier: 0.1708 (0.1960)  loss_box_reg: 0.1342 (0.1268)  loss_objectness: 0.0105 (0.0211)  loss_rpn_box_reg: 0.0070 (0.0091)  time: 0.7463  data: 0.1142  max mem: 2847
Epoch: [2]  [202/203]  eta: 0:00:00  lr: 0.000250  loss: 0.3267 (0.3524)  loss_classifier: 0.1708 (0.1959)  loss_box_reg: 0.1342 (0.1265)  loss_objectness: 0.0078 (0.0210)  loss_rpn_box_reg: 0.0070 (0.0090)  time: 0.7464  data: 0.1141  max mem: 2847
Epoch: [2] Total time: 0:02:32 (0.7509 s / it)
creating index...
index created!
Test:  [ 0/50]  eta: 0:00:17  model_time: 0.3106 (0.3106)  evaluator_time: 0.0061 (0.0061)  time: 0.3580  data: 0.0355  max mem: 2847
Test:  [49/50]  eta: 0:00:00  model_time: 0.2709 (0.2694)  evaluator_time: 0.0029 (0.0027)  time: 0.3171  data: 0.0372  max mem: 2847
Test: Total time: 0:00:15 (0.3150 s / it)
Averaged stats: model_time: 0.2709 (0.2694)  evaluator_time: 0.0029 (0.0027)
Accumulating evaluation results...
DONE (t=0.11s).
IoU metric: bbox
 Average Precision  (AP) @[ IoU=0.50:0.95 | area=   all | maxDets=100 ] = 0.013
 Average Precision  (AP) @[ IoU=0.50      | area=   all | maxDets=100 ] = 0.037
 Average Precision  (AP) @[ IoU=0.75      | area=   all | maxDets=100 ] = 0.004
 Average Precision  (AP) @[ IoU=0.50:0.95 | area= small | maxDets=100 ] = 0.002
 Average Precision  (AP) @[ IoU=0.50:0.95 | area=medium | maxDets=100 ] = 0.029
 Average Precision  (AP) @[ IoU=0.50:0.95 | area= large | maxDets=100 ] = 0.000
 Average Recall     (AR) @[ IoU=0.50:0.95 | area=   all | maxDets=  1 ] = 0.020
 Average Recall     (AR) @[ IoU=0.50:0.95 | area=   all | maxDets= 10 ] = 0.036
 Average Recall     (AR) @[ IoU=0.50:0.95 | area=   all | maxDets=100 ] = 0.036
 Average Recall     (AR) @[ IoU=0.50:0.95 | area= small | maxDets=100 ] = 0.008
 Average Recall     (AR) @[ IoU=0.50:0.95 | area=medium | maxDets=100 ] = 0.064
 Average Recall     (AR) @[ IoU=0.50:0.95 | area= large | maxDets=100 ] = 0.000

==================================================



Epoch: [3]  [  0/203]  eta: 0:02:41  lr: 0.000500  loss: 0.3607 (0.3607)  loss_classifier: 0.2123 (0.2123)  loss_box_reg: 0.1362 (0.1362)  loss_objectness: 0.0086 (0.0086)  loss_rpn_box_reg: 0.0037 (0.0037)  time: 0.7977  data: 0.1677  max mem: 2847
Epoch: [3]  [ 50/203]  eta: 0:01:57  lr: 0.000500  loss: 0.3408 (0.3444)  loss_classifier: 0.1959 (0.1893)  loss_box_reg: 0.1320 (0.1287)  loss_objectness: 0.0106 (0.0178)  loss_rpn_box_reg: 0.0059 (0.0085)  time: 0.7553  data: 0.1155  max mem: 2847
Epoch: [3]  [100/203]  eta: 0:01:17  lr: 0.000500  loss: 0.3637 (0.3469)  loss_classifier: 0.1795 (0.1897)  loss_box_reg: 0.1392 (0.1300)  loss_objectness: 0.0114 (0.0181)  loss_rpn_box_reg: 0.0093 (0.0092)  time: 0.7467  data: 0.1198  max mem: 2847
Epoch: [3]  [150/203]  eta: 0:00:39  lr: 0.000500  loss: 0.2628 (0.3373)  loss_classifier: 0.1425 (0.1847)  loss_box_reg: 0.0998 (0.1276)  loss_objectness: 0.0084 (0.0163)  loss_rpn_box_reg: 0.0048 (0.0088)  time: 0.7494  data: 0.1155  max mem: 2847
Epoch: [3]  [200/203]  eta: 0:00:02  lr: 0.000500  loss: 0.2994 (0.3378)  loss_classifier: 0.1505 (0.1852)  loss_box_reg: 0.1242 (0.1293)  loss_objectness: 0.0053 (0.0147)  loss_rpn_box_reg: 0.0051 (0.0086)  time: 0.7605  data: 0.1287  max mem: 2847
Epoch: [3]  [202/203]  eta: 0:00:00  lr: 0.000500  loss: 0.2887 (0.3373)  loss_classifier: 0.1505 (0.1850)  loss_box_reg: 0.1202 (0.1291)  loss_objectness: 0.0053 (0.0147)  loss_rpn_box_reg: 0.0051 (0.0085)  time: 0.7635  data: 0.1328  max mem: 2847
Epoch: [3] Total time: 0:02:32 (0.7515 s / it)
creating index...
index created!
Test:  [ 0/50]  eta: 0:00:18  model_time: 0.3243 (0.3243)  evaluator_time: 0.0059 (0.0059)  time: 0.3722  data: 0.0360  max mem: 2847
Test:  [49/50]  eta: 0:00:00  model_time: 0.2697 (0.2687)  evaluator_time: 0.0044 (0.0045)  time: 0.3166  data: 0.0368  max mem: 2847
Test: Total time: 0:00:15 (0.3159 s / it)
Averaged stats: model_time: 0.2697 (0.2687)  evaluator_time: 0.0044 (0.0045)
Accumulating evaluation results...
DONE (t=0.14s).
IoU metric: bbox
 Average Precision  (AP) @[ IoU=0.50:0.95 | area=   all | maxDets=100 ] = 0.028
 Average Precision  (AP) @[ IoU=0.50      | area=   all | maxDets=100 ] = 0.073
 Average Precision  (AP) @[ IoU=0.75      | area=   all | maxDets=100 ] = 0.013
 Average Precision  (AP) @[ IoU=0.50:0.95 | area= small | maxDets=100 ] = 0.030
 Average Precision  (AP) @[ IoU=0.50:0.95 | area=medium | maxDets=100 ] = 0.052
 Average Precision  (AP) @[ IoU=0.50:0.95 | area= large | maxDets=100 ] = 0.058
 Average Recall     (AR) @[ IoU=0.50:0.95 | area=   all | maxDets=  1 ] = 0.049
 Average Recall     (AR) @[ IoU=0.50:0.95 | area=   all | maxDets= 10 ] = 0.102
 Average Recall     (AR) @[ IoU=0.50:0.95 | area=   all | maxDets=100 ] = 0.102
 Average Recall     (AR) @[ IoU=0.50:0.95 | area= small | maxDets=100 ] = 0.073
 Average Recall     (AR) @[ IoU=0.50:0.95 | area=medium | maxDets=100 ] = 0.140
 Average Recall     (AR) @[ IoU=0.50:0.95 | area= large | maxDets=100 ] = 0.233

==================================================



Epoch: [4]  [  0/203]  eta: 0:02:41  lr: 0.000427  loss: 0.3306 (0.3306)  loss_classifier: 0.1984 (0.1984)  loss_box_reg: 0.1242 (0.1242)  loss_objectness: 0.0039 (0.0039)  loss_rpn_box_reg: 0.0041 (0.0041)  time: 0.7960  data: 0.1664  max mem: 2847
Epoch: [4]  [ 50/203]  eta: 0:01:56  lr: 0.000427  loss: 0.3212 (0.3128)  loss_classifier: 0.1805 (0.1675)  loss_box_reg: 0.1252 (0.1259)  loss_objectness: 0.0076 (0.0118)  loss_rpn_box_reg: 0.0058 (0.0075)  time: 0.7501  data: 0.1075  max mem: 2847
Epoch: [4]  [100/203]  eta: 0:01:17  lr: 0.000427  loss: 0.3458 (0.3196)  loss_classifier: 0.1832 (0.1701)  loss_box_reg: 0.1432 (0.1292)  loss_objectness: 0.0074 (0.0118)  loss_rpn_box_reg: 0.0084 (0.0086)  time: 0.7501  data: 0.1234  max mem: 2847
Epoch: [4]  [150/203]  eta: 0:00:40  lr: 0.000427  loss: 0.2803 (0.3228)  loss_classifier: 0.1477 (0.1708)  loss_box_reg: 0.1209 (0.1322)  loss_objectness: 0.0086 (0.0116)  loss_rpn_box_reg: 0.0047 (0.0082)  time: 0.7731  data: 0.1397  max mem: 2847
Epoch: [4]  [200/203]  eta: 0:00:02  lr: 0.000427  loss: 0.3164 (0.3280)  loss_classifier: 0.1551 (0.1750)  loss_box_reg: 0.1471 (0.1343)  loss_objectness: 0.0065 (0.0109)  loss_rpn_box_reg: 0.0054 (0.0078)  time: 0.7571  data: 0.1251  max mem: 2847
Epoch: [4]  [202/203]  eta: 0:00:00  lr: 0.000427  loss: 0.2833 (0.3274)  loss_classifier: 0.1510 (0.1748)  loss_box_reg: 0.1145 (0.1340)  loss_objectness: 0.0065 (0.0108)  loss_rpn_box_reg: 0.0054 (0.0078)  time: 0.7568  data: 0.1246  max mem: 2847
Epoch: [4] Total time: 0:02:33 (0.7563 s / it)
creating index...
index created!
Test:  [ 0/50]  eta: 0:00:18  model_time: 0.3206 (0.3206)  evaluator_time: 0.0055 (0.0055)  time: 0.3712  data: 0.0392  max mem: 2847
Test:  [49/50]  eta: 0:00:00  model_time: 0.2700 (0.2689)  evaluator_time: 0.0050 (0.0049)  time: 0.3184  data: 0.0372  max mem: 2847
Test: Total time: 0:00:15 (0.3173 s / it)
Averaged stats: model_time: 0.2700 (0.2689)  evaluator_time: 0.0050 (0.0049)
Accumulating evaluation results...
DONE (t=0.16s).
IoU metric: bbox
 Average Precision  (AP) @[ IoU=0.50:0.95 | area=   all | maxDets=100 ] = 0.061
 Average Precision  (AP) @[ IoU=0.50      | area=   all | maxDets=100 ] = 0.152
 Average Precision  (AP) @[ IoU=0.75      | area=   all | maxDets=100 ] = 0.027
 Average Precision  (AP) @[ IoU=0.50:0.95 | area= small | maxDets=100 ] = 0.022
 Average Precision  (AP) @[ IoU=0.50:0.95 | area=medium | maxDets=100 ] = 0.095
 Average Precision  (AP) @[ IoU=0.50:0.95 | area= large | maxDets=100 ] = 0.283
 Average Recall     (AR) @[ IoU=0.50:0.95 | area=   all | maxDets=  1 ] = 0.088
 Average Recall     (AR) @[ IoU=0.50:0.95 | area=   all | maxDets= 10 ] = 0.173
 Average Recall     (AR) @[ IoU=0.50:0.95 | area=   all | maxDets=100 ] = 0.174
 Average Recall     (AR) @[ IoU=0.50:0.95 | area= small | maxDets=100 ] = 0.096
 Average Recall     (AR) @[ IoU=0.50:0.95 | area=medium | maxDets=100 ] = 0.247
 Average Recall     (AR) @[ IoU=0.50:0.95 | area= large | maxDets=100 ] = 0.300

==================================================



Epoch: [5]  [  0/203]  eta: 0:02:44  lr: 0.000250  loss: 0.3692 (0.3692)  loss_classifier: 0.2086 (0.2086)  loss_box_reg: 0.1473 (0.1473)  loss_objectness: 0.0094 (0.0094)  loss_rpn_box_reg: 0.0039 (0.0039)  time: 0.8118  data: 0.1822  max mem: 2847
Epoch: [5]  [ 50/203]  eta: 0:01:57  lr: 0.000250  loss: 0.3252 (0.3092)  loss_classifier: 0.1709 (0.1623)  loss_box_reg: 0.1412 (0.1314)  loss_objectness: 0.0050 (0.0092)  loss_rpn_box_reg: 0.0049 (0.0063)  time: 0.7672  data: 0.1278  max mem: 2847
Epoch: [5]  [100/203]  eta: 0:01:18  lr: 0.000250  loss: 0.3049 (0.3176)  loss_classifier: 0.1508 (0.1663)  loss_box_reg: 0.1423 (0.1356)  loss_objectness: 0.0083 (0.0090)  loss_rpn_box_reg: 0.0073 (0.0068)  time: 0.7549  data: 0.1281  max mem: 2847
Epoch: [5]  [150/203]  eta: 0:00:40  lr: 0.000250  loss: 0.2713 (0.3150)  loss_classifier: 0.1363 (0.1633)  loss_box_reg: 0.1246 (0.1360)  loss_objectness: 0.0040 (0.0090)  loss_rpn_box_reg: 0.0037 (0.0068)  time: 0.7467  data: 0.1116  max mem: 2847
Epoch: [5]  [200/203]  eta: 0:00:02  lr: 0.000250  loss: 0.3215 (0.3159)  loss_classifier: 0.1547 (0.1647)  loss_box_reg: 0.1424 (0.1364)  loss_objectness: 0.0038 (0.0083)  loss_rpn_box_reg: 0.0045 (0.0065)  time: 0.7467  data: 0.1156  max mem: 2847
Epoch: [5]  [202/203]  eta: 0:00:00  lr: 0.000250  loss: 0.2977 (0.3157)  loss_classifier: 0.1547 (0.1649)  loss_box_reg: 0.1335 (0.1361)  loss_objectness: 0.0048 (0.0083)  loss_rpn_box_reg: 0.0040 (0.0064)  time: 0.7551  data: 0.1241  max mem: 2847
Epoch: [5] Total time: 0:02:33 (0.7552 s / it)
creating index...
index created!
Test:  [ 0/50]  eta: 0:00:18  model_time: 0.3305 (0.3305)  evaluator_time: 0.0064 (0.0064)  time: 0.3773  data: 0.0346  max mem: 2847
Test:  [49/50]  eta: 0:00:00  model_time: 0.2706 (0.2691)  evaluator_time: 0.0052 (0.0048)  time: 0.3184  data: 0.0375  max mem: 2847
Test: Total time: 0:00:15 (0.3170 s / it)
Averaged stats: model_time: 0.2706 (0.2691)  evaluator_time: 0.0052 (0.0048)
Accumulating evaluation results...
DONE (t=0.17s).
IoU metric: bbox
 Average Precision  (AP) @[ IoU=0.50:0.95 | area=   all | maxDets=100 ] = 0.074
 Average Precision  (AP) @[ IoU=0.50      | area=   all | maxDets=100 ] = 0.181
 Average Precision  (AP) @[ IoU=0.75      | area=   all | maxDets=100 ] = 0.033
 Average Precision  (AP) @[ IoU=0.50:0.95 | area= small | maxDets=100 ] = 0.024
 Average Precision  (AP) @[ IoU=0.50:0.95 | area=medium | maxDets=100 ] = 0.117
 Average Precision  (AP) @[ IoU=0.50:0.95 | area= large | maxDets=100 ] = 0.267
 Average Recall     (AR) @[ IoU=0.50:0.95 | area=   all | maxDets=  1 ] = 0.105
 Average Recall     (AR) @[ IoU=0.50:0.95 | area=   all | maxDets= 10 ] = 0.200
 Average Recall     (AR) @[ IoU=0.50:0.95 | area=   all | maxDets=100 ] = 0.201
 Average Recall     (AR) @[ IoU=0.50:0.95 | area= small | maxDets=100 ] = 0.129
 Average Recall     (AR) @[ IoU=0.50:0.95 | area=medium | maxDets=100 ] = 0.289
 Average Recall     (AR) @[ IoU=0.50:0.95 | area= large | maxDets=100 ] = 0.267

==================================================



Epoch: [6]  [  0/203]  eta: 0:02:41  lr: 0.000073  loss: 0.3272 (0.3272)  loss_classifier: 0.1806 (0.1806)  loss_box_reg: 0.1404 (0.1404)  loss_objectness: 0.0027 (0.0027)  loss_rpn_box_reg: 0.0036 (0.0036)  time: 0.7975  data: 0.1685  max mem: 2847
Epoch: [6]  [ 50/203]  eta: 0:01:56  lr: 0.000073  loss: 0.3041 (0.3054)  loss_classifier: 0.1592 (0.1574)  loss_box_reg: 0.1430 (0.1348)  loss_objectness: 0.0062 (0.0071)  loss_rpn_box_reg: 0.0046 (0.0061)  time: 0.7603  data: 0.1173  max mem: 2847
Epoch: [6]  [100/203]  eta: 0:01:17  lr: 0.000073  loss: 0.3066 (0.3076)  loss_classifier: 0.1430 (0.1564)  loss_box_reg: 0.1419 (0.1376)  loss_objectness: 0.0057 (0.0070)  loss_rpn_box_reg: 0.0054 (0.0066)  time: 0.7397  data: 0.1100  max mem: 2847
Epoch: [6]  [150/203]  eta: 0:00:39  lr: 0.000073  loss: 0.2570 (0.3011)  loss_classifier: 0.1187 (0.1521)  loss_box_reg: 0.1091 (0.1360)  loss_objectness: 0.0045 (0.0067)  loss_rpn_box_reg: 0.0040 (0.0063)  time: 0.7353  data: 0.0993  max mem: 2847
Epoch: [6]  [200/203]  eta: 0:00:02  lr: 0.000073  loss: 0.2795 (0.3045)  loss_classifier: 0.1506 (0.1546)  loss_box_reg: 0.1389 (0.1375)  loss_objectness: 0.0037 (0.0064)  loss_rpn_box_reg: 0.0048 (0.0061)  time: 0.7460  data: 0.1121  max mem: 2847
Epoch: [6]  [202/203]  eta: 0:00:00  lr: 0.000073  loss: 0.2557 (0.3041)  loss_classifier: 0.1461 (0.1545)  loss_box_reg: 0.1190 (0.1372)  loss_objectness: 0.0037 (0.0063)  loss_rpn_box_reg: 0.0039 (0.0061)  time: 0.7493  data: 0.1166  max mem: 2847
Epoch: [6] Total time: 0:02:31 (0.7481 s / it)
creating index...
index created!
Test:  [ 0/50]  eta: 0:00:18  model_time: 0.3119 (0.3119)  evaluator_time: 0.0069 (0.0069)  time: 0.3608  data: 0.0362  max mem: 2847
Test:  [49/50]  eta: 0:00:00  model_time: 0.2718 (0.2699)  evaluator_time: 0.0056 (0.0065)  time: 0.3229  data: 0.0372  max mem: 2847
Test: Total time: 0:00:15 (0.3192 s / it)
Averaged stats: model_time: 0.2718 (0.2699)  evaluator_time: 0.0056 (0.0065)
Accumulating evaluation results...
DONE (t=0.17s).
IoU metric: bbox
 Average Precision  (AP) @[ IoU=0.50:0.95 | area=   all | maxDets=100 ] = 0.078
 Average Precision  (AP) @[ IoU=0.50      | area=   all | maxDets=100 ] = 0.205
 Average Precision  (AP) @[ IoU=0.75      | area=   all | maxDets=100 ] = 0.039
 Average Precision  (AP) @[ IoU=0.50:0.95 | area= small | maxDets=100 ] = 0.032
 Average Precision  (AP) @[ IoU=0.50:0.95 | area=medium | maxDets=100 ] = 0.125
 Average Precision  (AP) @[ IoU=0.50:0.95 | area= large | maxDets=100 ] = 0.367
 Average Recall     (AR) @[ IoU=0.50:0.95 | area=   all | maxDets=  1 ] = 0.098
 Average Recall     (AR) @[ IoU=0.50:0.95 | area=   all | maxDets= 10 ] = 0.211
 Average Recall     (AR) @[ IoU=0.50:0.95 | area=   all | maxDets=100 ] = 0.217
 Average Recall     (AR) @[ IoU=0.50:0.95 | area= small | maxDets=100 ] = 0.121
 Average Recall     (AR) @[ IoU=0.50:0.95 | area=medium | maxDets=100 ] = 0.316
 Average Recall     (AR) @[ IoU=0.50:0.95 | area= large | maxDets=100 ] = 0.367

==================================================



Epoch: [7]  [  0/203]  eta: 0:02:24  lr: 0.000500  loss: 0.3225 (0.3225)  loss_classifier: 0.1836 (0.1836)  loss_box_reg: 0.1347 (0.1347)  loss_objectness: 0.0007 (0.0007)  loss_rpn_box_reg: 0.0035 (0.0035)  time: 0.7118  data: 0.0730  max mem: 2847
Epoch: [7]  [ 50/203]  eta: 0:01:57  lr: 0.000500  loss: 0.3311 (0.3199)  loss_classifier: 0.1808 (0.1677)  loss_box_reg: 0.1394 (0.1387)  loss_objectness: 0.0050 (0.0064)  loss_rpn_box_reg: 0.0041 (0.0071)  time: 0.7613  data: 0.1233  max mem: 2847
Epoch: [7]  [100/203]  eta: 0:01:17  lr: 0.000500  loss: 0.3188 (0.3238)  loss_classifier: 0.1561 (0.1681)  loss_box_reg: 0.1559 (0.1414)  loss_objectness: 0.0040 (0.0070)  loss_rpn_box_reg: 0.0060 (0.0073)  time: 0.7492  data: 0.1195  max mem: 2847
Epoch: [7]  [150/203]  eta: 0:00:39  lr: 0.000500  loss: 0.2707 (0.3244)  loss_classifier: 0.1318 (0.1668)  loss_box_reg: 0.1276 (0.1440)  loss_objectness: 0.0034 (0.0067)  loss_rpn_box_reg: 0.0047 (0.0069)  time: 0.7603  data: 0.1264  max mem: 2847
Epoch: [7]  [200/203]  eta: 0:00:02  lr: 0.000500  loss: 0.3224 (0.3301)  loss_classifier: 0.1687 (0.1705)  loss_box_reg: 0.1390 (0.1463)  loss_objectness: 0.0035 (0.0066)  loss_rpn_box_reg: 0.0045 (0.0068)  time: 0.7582  data: 0.1238  max mem: 2847
Epoch: [7]  [202/203]  eta: 0:00:00  lr: 0.000500  loss: 0.3022 (0.3298)  loss_classifier: 0.1436 (0.1704)  loss_box_reg: 0.1379 (0.1461)  loss_objectness: 0.0035 (0.0065)  loss_rpn_box_reg: 0.0045 (0.0067)  time: 0.7582  data: 0.1235  max mem: 2847
Epoch: [7] Total time: 0:02:33 (0.7540 s / it)
creating index...
index created!
Test:  [ 0/50]  eta: 0:00:17  model_time: 0.2998 (0.2998)  evaluator_time: 0.0060 (0.0060)  time: 0.3505  data: 0.0387  max mem: 2847
Test:  [49/50]  eta: 0:00:00  model_time: 0.2721 (0.2702)  evaluator_time: 0.0050 (0.0049)  time: 0.3199  data: 0.0369  max mem: 2847
Test: Total time: 0:00:15 (0.3183 s / it)
Averaged stats: model_time: 0.2721 (0.2702)  evaluator_time: 0.0050 (0.0049)
Accumulating evaluation results...
DONE (t=0.17s).
IoU metric: bbox
 Average Precision  (AP) @[ IoU=0.50:0.95 | area=   all | maxDets=100 ] = 0.079
 Average Precision  (AP) @[ IoU=0.50      | area=   all | maxDets=100 ] = 0.225
 Average Precision  (AP) @[ IoU=0.75      | area=   all | maxDets=100 ] = 0.023
 Average Precision  (AP) @[ IoU=0.50:0.95 | area= small | maxDets=100 ] = 0.022
 Average Precision  (AP) @[ IoU=0.50:0.95 | area=medium | maxDets=100 ] = 0.132
 Average Precision  (AP) @[ IoU=0.50:0.95 | area= large | maxDets=100 ] = 0.317
 Average Recall     (AR) @[ IoU=0.50:0.95 | area=   all | maxDets=  1 ] = 0.124
 Average Recall     (AR) @[ IoU=0.50:0.95 | area=   all | maxDets= 10 ] = 0.187
 Average Recall     (AR) @[ IoU=0.50:0.95 | area=   all | maxDets=100 ] = 0.189
 Average Recall     (AR) @[ IoU=0.50:0.95 | area= small | maxDets=100 ] = 0.095
 Average Recall     (AR) @[ IoU=0.50:0.95 | area=medium | maxDets=100 ] = 0.278
 Average Recall     (AR) @[ IoU=0.50:0.95 | area= large | maxDets=100 ] = 0.333

==================================================



Epoch: [8]  [  0/203]  eta: 0:02:42  lr: 0.000481  loss: 0.4141 (0.4141)  loss_classifier: 0.2283 (0.2283)  loss_box_reg: 0.1817 (0.1817)  loss_objectness: 0.0011 (0.0011)  loss_rpn_box_reg: 0.0030 (0.0030)  time: 0.7992  data: 0.1658  max mem: 2847
Epoch: [8]  [ 50/203]  eta: 0:01:54  lr: 0.000481  loss: 0.3327 (0.3205)  loss_classifier: 0.1836 (0.1648)  loss_box_reg: 0.1464 (0.1440)  loss_objectness: 0.0032 (0.0057)  loss_rpn_box_reg: 0.0048 (0.0059)  time: 0.7329  data: 0.0904  max mem: 2847
Epoch: [8]  [100/203]  eta: 0:01:17  lr: 0.000481  loss: 0.3208 (0.3256)  loss_classifier: 0.1490 (0.1643)  loss_box_reg: 0.1506 (0.1485)  loss_objectness: 0.0064 (0.0060)  loss_rpn_box_reg: 0.0046 (0.0067)  time: 0.7403  data: 0.1110  max mem: 2847
Epoch: [8]  [150/203]  eta: 0:00:40  lr: 0.000481  loss: 0.2575 (0.3186)  loss_classifier: 0.1253 (0.1598)  loss_box_reg: 0.1260 (0.1466)  loss_objectness: 0.0045 (0.0058)  loss_rpn_box_reg: 0.0036 (0.0064)  time: 0.7506  data: 0.1119  max mem: 2847
Epoch: [8]  [200/203]  eta: 0:00:02  lr: 0.000481  loss: 0.2839 (0.3179)  loss_classifier: 0.1361 (0.1595)  loss_box_reg: 0.1275 (0.1467)  loss_objectness: 0.0026 (0.0055)  loss_rpn_box_reg: 0.0042 (0.0062)  time: 0.7674  data: 0.1372  max mem: 2847
Epoch: [8]  [202/203]  eta: 0:00:00  lr: 0.000481  loss: 0.2845 (0.3176)  loss_classifier: 0.1524 (0.1595)  loss_box_reg: 0.1193 (0.1464)  loss_objectness: 0.0026 (0.0055)  loss_rpn_box_reg: 0.0036 (0.0062)  time: 0.7628  data: 0.1327  max mem: 2847
Epoch: [8] Total time: 0:02:34 (0.7620 s / it)
creating index...
index created!
Test:  [ 0/50]  eta: 0:00:19  model_time: 0.3420 (0.3420)  evaluator_time: 0.0072 (0.0072)  time: 0.3913  data: 0.0362  max mem: 2847
Test:  [49/50]  eta: 0:00:00  model_time: 0.2696 (0.2691)  evaluator_time: 0.0054 (0.0054)  time: 0.3171  data: 0.0361  max mem: 2847
Test: Total time: 0:00:15 (0.3174 s / it)
Averaged stats: model_time: 0.2696 (0.2691)  evaluator_time: 0.0054 (0.0054)
Accumulating evaluation results...
DONE (t=0.17s).
IoU metric: bbox
 Average Precision  (AP) @[ IoU=0.50:0.95 | area=   all | maxDets=100 ] = 0.101
 Average Precision  (AP) @[ IoU=0.50      | area=   all | maxDets=100 ] = 0.231
 Average Precision  (AP) @[ IoU=0.75      | area=   all | maxDets=100 ] = 0.066
 Average Precision  (AP) @[ IoU=0.50:0.95 | area= small | maxDets=100 ] = 0.035
 Average Precision  (AP) @[ IoU=0.50:0.95 | area=medium | maxDets=100 ] = 0.171
 Average Precision  (AP) @[ IoU=0.50:0.95 | area= large | maxDets=100 ] = 0.533
 Average Recall     (AR) @[ IoU=0.50:0.95 | area=   all | maxDets=  1 ] = 0.153
 Average Recall     (AR) @[ IoU=0.50:0.95 | area=   all | maxDets= 10 ] = 0.231
 Average Recall     (AR) @[ IoU=0.50:0.95 | area=   all | maxDets=100 ] = 0.233
 Average Recall     (AR) @[ IoU=0.50:0.95 | area= small | maxDets=100 ] = 0.123
 Average Recall     (AR) @[ IoU=0.50:0.95 | area=medium | maxDets=100 ] = 0.342
 Average Recall     (AR) @[ IoU=0.50:0.95 | area= large | maxDets=100 ] = 0.533

==================================================



Epoch: [9]  [  0/203]  eta: 0:02:42  lr: 0.000427  loss: 0.3684 (0.3684)  loss_classifier: 0.1988 (0.1988)  loss_box_reg: 0.1671 (0.1671)  loss_objectness: 0.0005 (0.0005)  loss_rpn_box_reg: 0.0020 (0.0020)  time: 0.8014  data: 0.1718  max mem: 2847
Epoch: [9]  [ 50/203]  eta: 0:01:58  lr: 0.000427  loss: 0.2763 (0.3004)  loss_classifier: 0.1568 (0.1515)  loss_box_reg: 0.1391 (0.1387)  loss_objectness: 0.0023 (0.0048)  loss_rpn_box_reg: 0.0039 (0.0053)  time: 0.7763  data: 0.1361  max mem: 2847
Epoch: [9]  [100/203]  eta: 0:01:18  lr: 0.000427  loss: 0.2895 (0.3025)  loss_classifier: 0.1204 (0.1495)  loss_box_reg: 0.1369 (0.1424)  loss_objectness: 0.0024 (0.0045)  loss_rpn_box_reg: 0.0049 (0.0061)  time: 0.7481  data: 0.1190  max mem: 2847
Epoch: [9]  [150/203]  eta: 0:00:40  lr: 0.000427  loss: 0.2402 (0.2971)  loss_classifier: 0.1177 (0.1452)  loss_box_reg: 0.1187 (0.1412)  loss_objectness: 0.0024 (0.0048)  loss_rpn_box_reg: 0.0034 (0.0060)  time: 0.7630  data: 0.1244  max mem: 2847
Epoch: [9]  [200/203]  eta: 0:00:02  lr: 0.000427  loss: 0.2602 (0.2974)  loss_classifier: 0.1353 (0.1455)  loss_box_reg: 0.1195 (0.1412)  loss_objectness: 0.0039 (0.0048)  loss_rpn_box_reg: 0.0045 (0.0058)  time: 0.7464  data: 0.1157  max mem: 2847
Epoch: [9]  [202/203]  eta: 0:00:00  lr: 0.000427  loss: 0.2588 (0.2967)  loss_classifier: 0.1353 (0.1454)  loss_box_reg: 0.1055 (0.1408)  loss_objectness: 0.0035 (0.0048)  loss_rpn_box_reg: 0.0045 (0.0057)  time: 0.7384  data: 0.1074  max mem: 2847
Epoch: [9] Total time: 0:02:34 (0.7603 s / it)
creating index...
index created!
Test:  [ 0/50]  eta: 0:00:19  model_time: 0.3317 (0.3317)  evaluator_time: 0.0082 (0.0082)  time: 0.3840  data: 0.0376  max mem: 2847
Test:  [49/50]  eta: 0:00:00  model_time: 0.2713 (0.2696)  evaluator_time: 0.0061 (0.0064)  time: 0.3205  data: 0.0372  max mem: 2847
Test: Total time: 0:00:15 (0.3192 s / it)
Averaged stats: model_time: 0.2713 (0.2696)  evaluator_time: 0.0061 (0.0064)
Accumulating evaluation results...
DONE (t=0.20s).
IoU metric: bbox
 Average Precision  (AP) @[ IoU=0.50:0.95 | area=   all | maxDets=100 ] = 0.105
 Average Precision  (AP) @[ IoU=0.50      | area=   all | maxDets=100 ] = 0.255
 Average Precision  (AP) @[ IoU=0.75      | area=   all | maxDets=100 ] = 0.064
 Average Precision  (AP) @[ IoU=0.50:0.95 | area= small | maxDets=100 ] = 0.044
 Average Precision  (AP) @[ IoU=0.50:0.95 | area=medium | maxDets=100 ] = 0.190
 Average Precision  (AP) @[ IoU=0.50:0.95 | area= large | maxDets=100 ] = 0.383
 Average Recall     (AR) @[ IoU=0.50:0.95 | area=   all | maxDets=  1 ] = 0.165
 Average Recall     (AR) @[ IoU=0.50:0.95 | area=   all | maxDets= 10 ] = 0.256
 Average Recall     (AR) @[ IoU=0.50:0.95 | area=   all | maxDets=100 ] = 0.264
 Average Recall     (AR) @[ IoU=0.50:0.95 | area= small | maxDets=100 ] = 0.169
 Average Recall     (AR) @[ IoU=0.50:0.95 | area=medium | maxDets=100 ] = 0.357
 Average Recall     (AR) @[ IoU=0.50:0.95 | area= large | maxDets=100 ] = 0.467

==================================================



Epoch: [10]  [  0/203]  eta: 0:02:41  lr: 0.000346  loss: 0.3516 (0.3516)  loss_classifier: 0.1919 (0.1919)  loss_box_reg: 0.1558 (0.1558)  loss_objectness: 0.0023 (0.0023)  loss_rpn_box_reg: 0.0016 (0.0016)  time: 0.7970  data: 0.1683  max mem: 2847
Epoch: [10]  [ 50/203]  eta: 0:01:59  lr: 0.000346  loss: 0.2910 (0.2871)  loss_classifier: 0.1341 (0.1426)  loss_box_reg: 0.1268 (0.1343)  loss_objectness: 0.0046 (0.0053)  loss_rpn_box_reg: 0.0032 (0.0049)  time: 0.7683  data: 0.1242  max mem: 2847
Epoch: [10]  [100/203]  eta: 0:01:19  lr: 0.000346  loss: 0.2620 (0.2870)  loss_classifier: 0.1152 (0.1383)  loss_box_reg: 0.1426 (0.1377)  loss_objectness: 0.0036 (0.0051)  loss_rpn_box_reg: 0.0050 (0.0059)  time: 0.7498  data: 0.1204  max mem: 2847
Epoch: [10]  [150/203]  eta: 0:00:40  lr: 0.000346  loss: 0.2189 (0.2816)  loss_classifier: 0.0875 (0.1333)  loss_box_reg: 0.1220 (0.1378)  loss_objectness: 0.0020 (0.0049)  loss_rpn_box_reg: 0.0026 (0.0056)  time: 0.7260  data: 0.0880  max mem: 2847
Epoch: [10]  [200/203]  eta: 0:00:02  lr: 0.000346  loss: 0.2761 (0.2807)  loss_classifier: 0.1120 (0.1330)  loss_box_reg: 0.1173 (0.1375)  loss_objectness: 0.0031 (0.0048)  loss_rpn_box_reg: 0.0036 (0.0054)  time: 0.7510  data: 0.1168  max mem: 2847
Epoch: [10]  [202/203]  eta: 0:00:00  lr: 0.000346  loss: 0.2761 (0.2806)  loss_classifier: 0.1299 (0.1331)  loss_box_reg: 0.1173 (0.1373)  loss_objectness: 0.0026 (0.0047)  loss_rpn_box_reg: 0.0038 (0.0054)  time: 0.7496  data: 0.1170  max mem: 2847
Epoch: [10] Total time: 0:02:33 (0.7564 s / it)
creating index...
index created!
Test:  [ 0/50]  eta: 0:00:18  model_time: 0.3262 (0.3262)  evaluator_time: 0.0076 (0.0076)  time: 0.3751  data: 0.0356  max mem: 2847
Test:  [49/50]  eta: 0:00:00  model_time: 0.2708 (0.2691)  evaluator_time: 0.0058 (0.0057)  time: 0.3188  data: 0.0368  max mem: 2847
Test: Total time: 0:00:15 (0.3180 s / it)
Averaged stats: model_time: 0.2708 (0.2691)  evaluator_time: 0.0058 (0.0057)
Accumulating evaluation results...
DONE (t=0.18s).
IoU metric: bbox
 Average Precision  (AP) @[ IoU=0.50:0.95 | area=   all | maxDets=100 ] = 0.124
 Average Precision  (AP) @[ IoU=0.50      | area=   all | maxDets=100 ] = 0.297
 Average Precision  (AP) @[ IoU=0.75      | area=   all | maxDets=100 ] = 0.076
 Average Precision  (AP) @[ IoU=0.50:0.95 | area= small | maxDets=100 ] = 0.051
 Average Precision  (AP) @[ IoU=0.50:0.95 | area=medium | maxDets=100 ] = 0.221
 Average Precision  (AP) @[ IoU=0.50:0.95 | area= large | maxDets=100 ] = 0.300
 Average Recall     (AR) @[ IoU=0.50:0.95 | area=   all | maxDets=  1 ] = 0.183
 Average Recall     (AR) @[ IoU=0.50:0.95 | area=   all | maxDets= 10 ] = 0.272
 Average Recall     (AR) @[ IoU=0.50:0.95 | area=   all | maxDets=100 ] = 0.272
 Average Recall     (AR) @[ IoU=0.50:0.95 | area= small | maxDets=100 ] = 0.191
 Average Recall     (AR) @[ IoU=0.50:0.95 | area=medium | maxDets=100 ] = 0.383
 Average Recall     (AR) @[ IoU=0.50:0.95 | area= large | maxDets=100 ] = 0.300

==================================================



Epoch: [11]  [  0/203]  eta: 0:02:43  lr: 0.000250  loss: 0.3467 (0.3467)  loss_classifier: 0.1742 (0.1742)  loss_box_reg: 0.1682 (0.1682)  loss_objectness: 0.0016 (0.0016)  loss_rpn_box_reg: 0.0027 (0.0027)  time: 0.8064  data: 0.1728  max mem: 2847
Epoch: [11]  [ 50/203]  eta: 0:01:55  lr: 0.000250  loss: 0.2534 (0.2587)  loss_classifier: 0.1215 (0.1285)  loss_box_reg: 0.1262 (0.1220)  loss_objectness: 0.0025 (0.0035)  loss_rpn_box_reg: 0.0032 (0.0046)  time: 0.7536  data: 0.1105  max mem: 2847
Epoch: [11]  [100/203]  eta: 0:01:17  lr: 0.000250  loss: 0.2187 (0.2552)  loss_classifier: 0.0901 (0.1228)  loss_box_reg: 0.1219 (0.1234)  loss_objectness: 0.0033 (0.0039)  loss_rpn_box_reg: 0.0048 (0.0051)  time: 0.7406  data: 0.1113  max mem: 2847
Epoch: [11]  [150/203]  eta: 0:00:39  lr: 0.000250  loss: 0.2095 (0.2542)  loss_classifier: 0.0794 (0.1193)  loss_box_reg: 0.1021 (0.1262)  loss_objectness: 0.0019 (0.0037)  loss_rpn_box_reg: 0.0030 (0.0050)  time: 0.7453  data: 0.1071  max mem: 2847
Epoch: [11]  [200/203]  eta: 0:00:02  lr: 0.000250  loss: 0.2250 (0.2581)  loss_classifier: 0.1130 (0.1208)  loss_box_reg: 0.1114 (0.1287)  loss_objectness: 0.0026 (0.0038)  loss_rpn_box_reg: 0.0032 (0.0048)  time: 0.7648  data: 0.1316  max mem: 2847
Epoch: [11]  [202/203]  eta: 0:00:00  lr: 0.000250  loss: 0.2402 (0.2583)  loss_classifier: 0.1130 (0.1208)  loss_box_reg: 0.1185 (0.1289)  loss_objectness: 0.0017 (0.0038)  loss_rpn_box_reg: 0.0032 (0.0048)  time: 0.7775  data: 0.1451  max mem: 2847
Epoch: [11] Total time: 0:02:32 (0.7526 s / it)
creating index...
index created!
Test:  [ 0/50]  eta: 0:00:19  model_time: 0.3381 (0.3381)  evaluator_time: 0.0072 (0.0072)  time: 0.3880  data: 0.0370  max mem: 2847
Test:  [49/50]  eta: 0:00:00  model_time: 0.2707 (0.2700)  evaluator_time: 0.0045 (0.0046)  time: 0.3186  data: 0.0371  max mem: 2847
Test: Total time: 0:00:15 (0.3175 s / it)
Averaged stats: model_time: 0.2707 (0.2700)  evaluator_time: 0.0045 (0.0046)
Accumulating evaluation results...
DONE (t=0.17s).
IoU metric: bbox
 Average Precision  (AP) @[ IoU=0.50:0.95 | area=   all | maxDets=100 ] = 0.157
 Average Precision  (AP) @[ IoU=0.50      | area=   all | maxDets=100 ] = 0.315
 Average Precision  (AP) @[ IoU=0.75      | area=   all | maxDets=100 ] = 0.129
 Average Precision  (AP) @[ IoU=0.50:0.95 | area= small | maxDets=100 ] = 0.060
 Average Precision  (AP) @[ IoU=0.50:0.95 | area=medium | maxDets=100 ] = 0.245
 Average Precision  (AP) @[ IoU=0.50:0.95 | area= large | maxDets=100 ] = 0.567
 Average Recall     (AR) @[ IoU=0.50:0.95 | area=   all | maxDets=  1 ] = 0.196
 Average Recall     (AR) @[ IoU=0.50:0.95 | area=   all | maxDets= 10 ] = 0.282
 Average Recall     (AR) @[ IoU=0.50:0.95 | area=   all | maxDets=100 ] = 0.282
 Average Recall     (AR) @[ IoU=0.50:0.95 | area= small | maxDets=100 ] = 0.153
 Average Recall     (AR) @[ IoU=0.50:0.95 | area=medium | maxDets=100 ] = 0.396
 Average Recall     (AR) @[ IoU=0.50:0.95 | area= large | maxDets=100 ] = 0.567

==================================================



Epoch: [12]  [  0/203]  eta: 0:02:41  lr: 0.000154  loss: 0.3282 (0.3282)  loss_classifier: 0.1607 (0.1607)  loss_box_reg: 0.1651 (0.1651)  loss_objectness: 0.0004 (0.0004)  loss_rpn_box_reg: 0.0019 (0.0019)  time: 0.7958  data: 0.1647  max mem: 2847
