Information:
- Running with GPU GTX 1070
- Standard size: 50x50
- Train: 0.8 | Test: 0.2 | Filters_layer_1: 64 | Filters_layer_2: 96 | Filters_layer_3: 128

============================================

Model: "sequential"
_________________________________________________________________
Layer (type)                 Output Shape              Param #   
=================================================================
conv2d (Conv2D)              (None, 50, 50, 64)        1792      
_________________________________________________________________
max_pooling2d (MaxPooling2D) (None, 25, 25, 64)        0         
_________________________________________________________________
dropout (Dropout)            (None, 25, 25, 64)        0         
_________________________________________________________________
conv2d_1 (Conv2D)            (None, 23, 23, 96)        55392
_________________________________________________________________
max_pooling2d_1 (MaxPooling2 (None, 11, 11, 96)        0
_________________________________________________________________
dropout_1 (Dropout)          (None, 11, 11, 96)        0
_________________________________________________________________
conv2d_2 (Conv2D)            (None, 9, 9, 128)         110720
_________________________________________________________________
max_pooling2d_2 (MaxPooling2 (None, 4, 4, 128)         0
_________________________________________________________________
dropout_2 (Dropout)          (None, 4, 4, 128)         0
_________________________________________________________________
flatten (Flatten)            (None, 2048)              0
_________________________________________________________________
dense (Dense)                (None, 128)               262272
_________________________________________________________________
dropout_3 (Dropout)          (None, 128)               0
_________________________________________________________________
dense_1 (Dense)              (None, 43)                5547
=================================================================
Total params: 435,723
Trainable params: 435,723
Non-trainable params: 0
_________________________________________________________________
None

2021-04-10 21:51:59.506668: I tensorflow/compiler/mlir/mlir_graph_optimization_pass.cc:180] None of the MLIR Optimization Passes are enabled (registered 2)
Epoch 1/25
2021-04-10 21:52:00.822682: I tensorflow/stream_executor/platform/default/dso_loader.cc:49] Successfully opened dynamic library cudnn64_8.dll
2021-04-10 21:52:01.661887: I tensorflow/stream_executor/cuda/cuda_dnn.cc:367] Loaded cuDNN version 8101
2021-04-10 21:52:02.643880: I tensorflow/stream_executor/platform/default/dso_loader.cc:49] Successfully opened dynamic library cublas64_11.dll
2021-04-10 21:52:03.577348: I tensorflow/stream_executor/platform/default/dso_loader.cc:49] Successfully opened dynamic library cublasLt64_11.dll
491/491 - 11s - loss: 2.4729 - accuracy: 0.2970 - val_loss: 1.3914 - val_accuracy: 0.6135
Epoch 2/25
491/491 - 5s - loss: 1.1351 - accuracy: 0.6320 - val_loss: 0.4378 - val_accuracy: 0.8869
Epoch 3/25
491/491 - 6s - loss: 0.6578 - accuracy: 0.7849 - val_loss: 0.2231 - val_accuracy: 0.9481
Epoch 4/25
491/491 - 5s - loss: 0.4644 - accuracy: 0.8481 - val_loss: 0.1398 - val_accuracy: 0.9695
Epoch 5/25
491/491 - 5s - loss: 0.3512 - accuracy: 0.8841 - val_loss: 0.0868 - val_accuracy: 0.9765
Epoch 6/25
491/491 - 5s - loss: 0.2955 - accuracy: 0.9051 - val_loss: 0.0714 - val_accuracy: 0.9833
Epoch 7/25
491/491 - 5s - loss: 0.2501 - accuracy: 0.9200 - val_loss: 0.0538 - val_accuracy: 0.9890
Epoch 8/25
491/491 - 6s - loss: 0.2236 - accuracy: 0.9292 - val_loss: 0.0412 - val_accuracy: 0.9909
Epoch 9/25
491/491 - 6s - loss: 0.2032 - accuracy: 0.9356 - val_loss: 0.0417 - val_accuracy: 0.9875
Epoch 10/25
491/491 - 6s - loss: 0.1920 - accuracy: 0.9385 - val_loss: 0.0326 - val_accuracy: 0.9915
Epoch 11/25
491/491 - 5s - loss: 0.1725 - accuracy: 0.9455 - val_loss: 0.0300 - val_accuracy: 0.9927
Epoch 12/25
491/491 - 6s - loss: 0.1605 - accuracy: 0.9492 - val_loss: 0.0250 - val_accuracy: 0.9938
Epoch 13/25
491/491 - 6s - loss: 0.1531 - accuracy: 0.9516 - val_loss: 0.0237 - val_accuracy: 0.9948
Epoch 14/25
491/491 - 6s - loss: 0.1451 - accuracy: 0.9535 - val_loss: 0.0241 - val_accuracy: 0.9949
Epoch 15/25
491/491 - 6s - loss: 0.1572 - accuracy: 0.9518 - val_loss: 0.0201 - val_accuracy: 0.9960
Epoch 16/25
491/491 - 5s - loss: 0.1387 - accuracy: 0.9564 - val_loss: 0.0202 - val_accuracy: 0.9953
Epoch 17/25
491/491 - 6s - loss: 0.1294 - accuracy: 0.9605 - val_loss: 0.0174 - val_accuracy: 0.9959
Epoch 18/25
491/491 - 6s - loss: 0.1293 - accuracy: 0.9596 - val_loss: 0.0161 - val_accuracy: 0.9963
Epoch 19/25
491/491 - 6s - loss: 0.1227 - accuracy: 0.9626 - val_loss: 0.0146 - val_accuracy: 0.9967
Epoch 20/25
491/491 - 5s - loss: 0.1190 - accuracy: 0.9626 - val_loss: 0.0185 - val_accuracy: 0.9957
Epoch 21/25
491/491 - 5s - loss: 0.1239 - accuracy: 0.9623 - val_loss: 0.0185 - val_accuracy: 0.9953
---> Execution time: 130.32483315467834 seconds

              precision    recall  f1-score   support

           0     1.0000    1.0000    1.0000        60
           1     0.9930    0.9861    0.9895       720
           2     0.9842    0.9960    0.9901       750
           3     0.9667    0.9689    0.9678       450
           4     0.9865    0.9939    0.9902       660
           5     0.9744    0.9651    0.9697       630
           6     1.0000    0.8867    0.9399       150
           7     0.9868    0.9933    0.9900       450
           8     0.9887    0.9756    0.9821       450
           9     0.9375    1.0000    0.9677       480
          10     0.9985    0.9894    0.9939       660
          11     0.9630    0.9929    0.9777       420
          12     0.9536    0.9826    0.9679       690
          13     0.9945    0.9958    0.9951       720
          14     1.0000    1.0000    1.0000       270
          15     0.9722    1.0000    0.9859       210
          16     1.0000    0.9933    0.9967       150
          17     1.0000    0.8944    0.9443       360
          18     0.9782    0.9205    0.9485       390
          19     1.0000    1.0000    1.0000        60
          20     0.8333    1.0000    0.9091        90
          21     0.9737    0.8222    0.8916        90
          22     0.9754    0.9917    0.9835       120
          23     0.9932    0.9733    0.9832       150
          24     0.9780    0.9889    0.9834        90
          25     0.9708    0.9688    0.9698       480
          26     0.9016    0.9667    0.9330       180
          27     1.0000    0.7667    0.8679        60
          28     0.9868    1.0000    0.9934       150
          29     1.0000    0.9667    0.9831        90
          30     1.0000    0.8600    0.9247       150
          31     0.8937    0.9963    0.9422       270
          32     0.7692    1.0000    0.8696        60
          33     0.9905    0.9952    0.9929       210
          34     0.9917    0.9917    0.9917       120
          35     0.9949    1.0000    0.9974       390
          36     1.0000    0.9917    0.9958       120
          37     0.9836    1.0000    0.9917        60
          38     0.9971    0.9942    0.9956       690
          39     0.9670    0.9778    0.9724        90
          40     0.9667    0.9667    0.9667        90
          41     0.8750    0.5833    0.7000        60
          42     0.9667    0.9667    0.9667        90

    accuracy                         0.9762     12630
   macro avg     0.9695    0.9605    0.9628     12630
weighted avg     0.9771    0.9762    0.9759     12630